{'GTAGCGTA-GTAGCGTA': 8119243, 'CGATCGAT-CGATCGAT': 5604966, 'GATCAAGG-GATCAAGG': 6587100, 'AACAGCGA-AACAGCGA': 8872034, 'TAGCCATG-TAGCCATG': 10629633, 'CGGTAATC-CGGTAATC': 5064906, 'CTCTGGAT-CTCTGGAT': 34976387, 'TACCGGAT-TACCGGAT': 76363857, 'CTAGCTCA-CTAGCTCA': 17332036, 'CACTTCAC-CACTTCAC': 4191388, 'GCTACTCT-GCTACTCT': 7416557, 'ACGATCAG-ACGATCAG': 7942853, 'TATGGCAC-TATGGCAC': 11184304, 'TGTTCCGT-TGTTCCGT': 15733007, 'GTCCTAAG-GTCCTAAG': 8830276, 'TCGACAAG-TCGACAAG': 3853350, 'TCTTCGAC-TCTTCGAC': 42094112, 'ATCATGCG-ATCATGCG': 10087503, 'ATCGTGGT-ATCGTGGT': 6887592, 'TCGAGAGT-TCGAGAGT': 11741547, 'TCGGATTC-TCGGATTC': 4611350, 'GATCTTGC-GATCTTGC': 3641072, 'AGAGTCCA-AGAGTCCA': 11316780, 'AGGATAGC-AGGATAGC': 8673180}
done
GTAGCGTA-GTAGCGTA 2.2 %
CGATCGAT-CGATCGAT 1.5 %
GATCAAGG-GATCAAGG 1.8 %
AACAGCGA-AACAGCGA 2.4 %
TAGCCATG-TAGCCATG 2.9 %
CGGTAATC-CGGTAATC 1.4 %
CTCTGGAT-CTCTGGAT 9.6 %
TACCGGAT-TACCGGAT 21.0 %
CTAGCTCA-CTAGCTCA 4.8 %
CACTTCAC-CACTTCAC 1.2 %
GCTACTCT-GCTACTCT 2.0 %
ACGATCAG-ACGATCAG 2.2 %
TATGGCAC-TATGGCAC 3.1 %
TGTTCCGT-TGTTCCGT 4.3 %
GTCCTAAG-GTCCTAAG 2.4 %
TCGACAAG-TCGACAAG 1.1 %
TCTTCGAC-TCTTCGAC 11.6 %
ATCATGCG-ATCATGCG 2.8 %
ATCGTGGT-ATCGTGGT 1.9 %
TCGAGAGT-TCGAGAGT 3.2 %
TCGGATTC-TCGGATTC 1.3 %
GATCTTGC-GATCTTGC 1.0 %
AGAGTCCA-AGAGTCCA 3.1 %
AGGATAGC-AGGATAGC 2.4 %
Reads: 363246735
undetermined: 7.0 %
index_hopped: 1.7 %
index_paired: 91.3 %
